<?xml version="1.0" encoding="UTF-8"?>
<TestRun id="f2b7667d-f415-41db-a1a1-39e3a10b920b" name="JoaoPaulo@GENOCHA 2014-07-30 00:09:50" runUser="GENOCHA\JoaoPaulo" xmlns="http://microsoft.com/schemas/VisualStudio/TeamTest/2010">
  <TestSettings name="Local" id="08783614-cc60-49e2-96bd-2a80c3f039b0">
    <Description>These are default test settings for a local test run.</Description>
    <Deployment enabled="false" runDeploymentRoot="JoaoPaulo_GENOCHA 2014-07-30 00_09_50">
      <DeploymentItem filename="C:\Users\JoaoPaulo\Documents\Visual Studio 2010\Projects\CQRSDemo\Fulfillment\CQRSDemo.Fulfillment.Application\bin\Debug\CQRSDemo.Fulfillment.Application.dll" />
      <DeploymentItem filename="C:\Users\JoaoPaulo\Documents\Visual Studio 2010\Projects\CQRSDemo\Fulfillment\CQRSDemo.Fulfillment.Domain\bin\Debug\CQRSDemo.Fulfillment.Domain.dll" />
      <DeploymentItem filename="C:\Users\JoaoPaulo\Documents\Visual Studio 2010\Projects\CQRSDemo\Fulfillment\CQRSDemo.Infrastructure.Repository\bin\Debug\CQRSDemo.Infrastructure.Repository.dll" />
    </Deployment>
    <Execution>
      <TestTypeSpecific />
      <AgentRule name="Execution Agents">
      </AgentRule>
    </Execution>
  </TestSettings>
  <Times creation="2014-07-30T00:09:50.6869006-03:00" queuing="2014-07-30T00:09:53.2521155-03:00" start="2014-07-30T00:09:53.6133528-03:00" finish="2014-07-30T00:09:55.2426973-03:00" />
  <ResultSummary outcome="Completed">
    <Counters total="1" executed="1" passed="1" error="0" failed="0" timeout="0" aborted="0" inconclusive="0" passedButRunAborted="0" notRunnable="0" notExecuted="0" disconnected="0" warning="0" completed="0" inProgress="0" pending="0" />
  </ResultSummary>
  <TestDefinitions>
    <UnitTest name="CanAllocateFromOneWarehouse" storage="c:\users\joaopaulo\documents\visual studio 2010\projects\cqrsdemo\fulfillment\cqrsdemo.fulfillment.test\bin\debug\cqrsdemo.fulfillment.test.dll" id="04d3e3f4-27f3-2b57-9b4f-872bd17d59bc">
      <Execution id="9c022d4a-60d7-4f02-b97f-1562138e068b" />
      <TestMethod codeBase="C:/Users/JoaoPaulo/Documents/Visual Studio 2010/Projects/CQRSDemo/Fulfillment/CQRSDemo.Fulfillment.Test/bin/Debug/CQRSDemo.Fulfillment.Test.DLL" adapterTypeName="Microsoft.VisualStudio.TestTools.TestTypes.Unit.UnitTestAdapter, Microsoft.VisualStudio.QualityTools.Tips.UnitTest.Adapter, Version=10.0.0.0, Culture=neutral, PublicKeyToken=b03f5f7f11d50a3a" className="CQRSDemo.Fulfillment.Test.InventoryAllocationServiceTest, CQRSDemo.Fulfillment.Test, Version=1.0.0.0, Culture=neutral, PublicKeyToken=null" name="CanAllocateFromOneWarehouse" />
    </UnitTest>
  </TestDefinitions>
  <TestLists>
    <TestList name="Results Not in a List" id="8c84fa94-04c1-424b-9868-57a2d4851a1d" />
    <TestList name="All Loaded Results" id="19431567-8539-422a-85d7-44ee4e166bda" />
  </TestLists>
  <TestEntries>
    <TestEntry testId="04d3e3f4-27f3-2b57-9b4f-872bd17d59bc" executionId="9c022d4a-60d7-4f02-b97f-1562138e068b" testListId="8c84fa94-04c1-424b-9868-57a2d4851a1d" />
  </TestEntries>
  <Results>
    <UnitTestResult executionId="9c022d4a-60d7-4f02-b97f-1562138e068b" testId="04d3e3f4-27f3-2b57-9b4f-872bd17d59bc" testName="CanAllocateFromOneWarehouse" computerName="GENOCHA" duration="00:00:00.1189122" startTime="2014-07-30T00:09:53.6423718-03:00" endTime="2014-07-30T00:09:55.1536374-03:00" testType="13cdc9d9-ddb5-4fa4-a97d-d965ccfc6d4b" outcome="Passed" testListId="8c84fa94-04c1-424b-9868-57a2d4851a1d" relativeResultsDirectory="9c022d4a-60d7-4f02-b97f-1562138e068b">
    </UnitTestResult>
  </Results>
</TestRun>