<?xml version="1.0" encoding="UTF-8"?>
<TestRun id="d9d63973-26f4-4f0f-929d-a78fbe01d4b1" name="JoaoPaulo@GENOCHA 2014-07-30 00:11:29" runUser="GENOCHA\JoaoPaulo" xmlns="http://microsoft.com/schemas/VisualStudio/TeamTest/2010">
  <TestSettings name="Local" id="08783614-cc60-49e2-96bd-2a80c3f039b0">
    <Description>These are default test settings for a local test run.</Description>
    <Deployment enabled="false" runDeploymentRoot="JoaoPaulo_GENOCHA 2014-07-30 00_11_29">
      <DeploymentItem filename="C:\Users\JoaoPaulo\Documents\Visual Studio 2010\Projects\CQRSDemo\Fulfillment\CQRSDemo.Fulfillment.Application\bin\Debug\CQRSDemo.Fulfillment.Application.dll" />
      <DeploymentItem filename="C:\Users\JoaoPaulo\Documents\Visual Studio 2010\Projects\CQRSDemo\Fulfillment\CQRSDemo.Fulfillment.Domain\bin\Debug\CQRSDemo.Fulfillment.Domain.dll" />
      <DeploymentItem filename="C:\Users\JoaoPaulo\Documents\Visual Studio 2010\Projects\CQRSDemo\Fulfillment\CQRSDemo.Infrastructure.Repository\bin\Debug\CQRSDemo.Infrastructure.Repository.dll" />
    </Deployment>
    <Execution>
      <TestTypeSpecific />
      <AgentRule name="Execution Agents">
      </AgentRule>
    </Execution>
  </TestSettings>
  <Times creation="2014-07-30T00:11:29.7999629-03:00" queuing="2014-07-30T00:11:29.9630760-03:00" start="2014-07-30T00:11:29.9870878-03:00" finish="2014-07-30T00:11:30.8356551-03:00" />
  <ResultSummary outcome="Completed">
    <Counters total="1" executed="1" passed="1" error="0" failed="0" timeout="0" aborted="0" inconclusive="0" passedButRunAborted="0" notRunnable="0" notExecuted="0" disconnected="0" warning="0" completed="0" inProgress="0" pending="0" />
  </ResultSummary>
  <TestDefinitions>
    <UnitTest name="CanAllocateFromOneWarehouse" storage="c:\users\joaopaulo\documents\visual studio 2010\projects\cqrsdemo\fulfillment\cqrsdemo.fulfillment.test\bin\debug\cqrsdemo.fulfillment.test.dll" id="04d3e3f4-27f3-2b57-9b4f-872bd17d59bc">
      <Execution id="848026b9-fff1-405c-bc96-0d59c09388ad" />
      <TestMethod codeBase="C:/Users/JoaoPaulo/Documents/Visual Studio 2010/Projects/CQRSDemo/Fulfillment/CQRSDemo.Fulfillment.Test/bin/Debug/CQRSDemo.Fulfillment.Test.DLL" adapterTypeName="Microsoft.VisualStudio.TestTools.TestTypes.Unit.UnitTestAdapter, Microsoft.VisualStudio.QualityTools.Tips.UnitTest.Adapter, Version=10.0.0.0, Culture=neutral, PublicKeyToken=b03f5f7f11d50a3a" className="CQRSDemo.Fulfillment.Test.InventoryAllocationServiceTest, CQRSDemo.Fulfillment.Test, Version=1.0.0.0, Culture=neutral, PublicKeyToken=null" name="CanAllocateFromOneWarehouse" />
    </UnitTest>
  </TestDefinitions>
  <TestLists>
    <TestList name="Results Not in a List" id="8c84fa94-04c1-424b-9868-57a2d4851a1d" />
    <TestList name="All Loaded Results" id="19431567-8539-422a-85d7-44ee4e166bda" />
  </TestLists>
  <TestEntries>
    <TestEntry testId="04d3e3f4-27f3-2b57-9b4f-872bd17d59bc" executionId="848026b9-fff1-405c-bc96-0d59c09388ad" testListId="8c84fa94-04c1-424b-9868-57a2d4851a1d" />
  </TestEntries>
  <Results>
    <UnitTestResult executionId="848026b9-fff1-405c-bc96-0d59c09388ad" testId="04d3e3f4-27f3-2b57-9b4f-872bd17d59bc" testName="CanAllocateFromOneWarehouse" computerName="GENOCHA" duration="00:00:00.0743038" startTime="2014-07-30T00:11:30.0161071-03:00" endTime="2014-07-30T00:11:30.7766156-03:00" testType="13cdc9d9-ddb5-4fa4-a97d-d965ccfc6d4b" outcome="Passed" testListId="8c84fa94-04c1-424b-9868-57a2d4851a1d" relativeResultsDirectory="848026b9-fff1-405c-bc96-0d59c09388ad">
    </UnitTestResult>
  </Results>
</TestRun>